<?xml version="1.0" encoding="UTF-8"?>
<!-- Generated by org.testng.reporters.JUnitReportReporter -->
<testsuite hostname="DESKTOP-CFSKSBJ" failures="0" tests="4" name="api.test.UserTests2" time="6.371" errors="0" timestamp="2024-11-05T15:10:07 IST" skipped="0">
  <testcase classname="api.test.UserTests2" name="testPostUser" time="1.320"/>
  <testcase classname="api.test.UserTests2" name="testGetUserByName" time="1.249"/>
  <testcase classname="api.test.UserTests2" name="testUpdateUserByName" time="2.554"/>
  <testcase classname="api.test.UserTests2" name="testDeleteUserByName" time="1.248"/>
</testsuite> <!-- api.test.UserTests2 -->
