<?xml version="1.0" encoding="UTF-8"?>
<!-- Generated by org.testng.reporters.JUnitReportReporter -->
<testsuite hostname="DESKTOP-CFSKSBJ" failures="0" tests="4" name="api.test.UserTests" time="8.354" errors="0" timestamp="2024-11-05T15:10:07 IST" skipped="0">
  <testcase classname="api.test.UserTests" name="testPostUser" time="3.194"/>
  <testcase classname="api.test.UserTests" name="testGetUserByName" time="1.323"/>
  <testcase classname="api.test.UserTests" name="testUpdateUserByName" time="2.553"/>
  <testcase classname="api.test.UserTests" name="testDeleteUserByName" time="1.284"/>
</testsuite> <!-- api.test.UserTests -->
