<?xml version="1.0" encoding="UTF-8"?>
<!-- Generated by org.testng.reporters.JUnitReportReporter -->
<testsuite hostname="DESKTOP-CFSKSBJ" failures="0" tests="6" name="api.test.DDTests" time="7.696" errors="0" timestamp="2024-11-05T15:10:07 IST" skipped="0">
  <testcase classname="api.test.DDTests" name="testPostuser" time="1.246"/>
  <testcase classname="api.test.DDTests" name="testPostuser" time="1.273"/>
  <testcase classname="api.test.DDTests" name="testPostuser" time="1.268"/>
  <testcase classname="api.test.DDTests" name="testDeleteUserByName" time="1.317"/>
  <testcase classname="api.test.DDTests" name="testDeleteUserByName" time="1.303"/>
  <testcase classname="api.test.DDTests" name="testDeleteUserByName" time="1.289"/>
</testsuite> <!-- api.test.DDTests -->
