<?xml version="1.0" encoding="UTF-8"?>
<!-- Generated by org.testng.reporters.JUnitReportReporter -->
<testsuite hostname="DESKTOP-CFSKSBJ" failures="0" tests="6" name="api.test.DDTests" time="7.759" errors="0" timestamp="2024-11-05T15:11:14 IST" skipped="0">
  <testcase classname="api.test.DDTests" name="testPostuser" time="1.229"/>
  <testcase classname="api.test.DDTests" name="testPostuser" time="1.334"/>
  <testcase classname="api.test.DDTests" name="testPostuser" time="1.308"/>
  <testcase classname="api.test.DDTests" name="testDeleteUserByName" time="1.310"/>
  <testcase classname="api.test.DDTests" name="testDeleteUserByName" time="1.310"/>
  <testcase classname="api.test.DDTests" name="testDeleteUserByName" time="1.268"/>
</testsuite> <!-- api.test.DDTests -->
