<?xml version="1.0" encoding="UTF-8"?>
<!-- Generated by org.testng.reporters.JUnitReportReporter -->
<testsuite hostname="DESKTOP-CFSKSBJ" failures="0" tests="4" name="api.test.UserTests" time="8.469" errors="0" timestamp="2024-11-05T15:11:14 IST" skipped="0">
  <testcase classname="api.test.UserTests" name="testPostUser" time="3.248"/>
  <testcase classname="api.test.UserTests" name="testGetUserByName" time="1.307"/>
  <testcase classname="api.test.UserTests" name="testUpdateUserByName" time="2.602"/>
  <testcase classname="api.test.UserTests" name="testDeleteUserByName" time="1.312"/>
</testsuite> <!-- api.test.UserTests -->
