<?xml version="1.0" encoding="UTF-8"?>
<!-- Generated by org.testng.reporters.JUnitReportReporter -->
<testsuite hostname="DESKTOP-CFSKSBJ" failures="0" tests="4" name="api.test.UserTests2" time="6.414" errors="0" timestamp="2024-11-05T15:11:14 IST" skipped="0">
  <testcase classname="api.test.UserTests2" name="testPostUser" time="1.319"/>
  <testcase classname="api.test.UserTests2" name="testGetUserByName" time="1.263"/>
  <testcase classname="api.test.UserTests2" name="testUpdateUserByName" time="2.547"/>
  <testcase classname="api.test.UserTests2" name="testDeleteUserByName" time="1.285"/>
</testsuite> <!-- api.test.UserTests2 -->
